<?xml version="1.0" encoding="UTF-8" ?>
<testsuite 
errors="0" failures="0" hostname="dblab-hadoop-master" name="org.scalatest.junit.JUnitWrapperSuite" tests="0" time="0.029" timestamp="2021-05-10T08:49:54">
  <properties>
    <property name="java.runtime.name" value="OpenJDK Runtime Environment"/>
    <property 
    name="sun.boot.library.path" value="/usr/lib/jvm/java-8-openjdk-amd64/jre/lib/amd64">
</property>
    <property name="java.vm.version" value="25.292-b10"/>
    <property name="java.vm.vendor" value="Private Build"/>
    <property name="java.vendor.url" value="http://java.oracle.com/"/>
    <property name="path.separator" value=":"/>
    <property name="java.vm.name" value="OpenJDK 64-Bit Server VM"/>
    <property name="file.encoding.pkg" value="sun.io"/>
    <property name="user.country" value="US"/>
    <property name="sun.java.launcher" value="SUN_STANDARD"/>
    <property name="sun.os.patch.level" value="unknown"/>
    <property 
    name="java.vm.specification.name" value="Java Virtual Machine Specification">
</property>
    <property name="user.dir" value="/home/dblab/ysh/pipe_processing"/>
    <property 
    name="java.runtime.version" value="1.8.0_292-8u292-b10-0ubuntu1~20.04-b10">
</property>
    <property 
    name="java.awt.graphicsenv" value="sun.awt.X11GraphicsEnvironment">
</property>
    <property name="basedir" value="/home/dblab/ysh/pipe_processing"/>
    <property 
    name="java.endorsed.dirs" value="/usr/lib/jvm/java-8-openjdk-amd64/jre/lib/endorsed">
</property>
    <property name="os.arch" value="amd64"/>
    <property name="java.io.tmpdir" value="/tmp"/>
    <property name="line.separator" value=" "/>
    <property name="java.vm.specification.vendor" value="Oracle Corporation"/>
    <property name="os.name" value="Linux"/>
    <property name="sun.jnu.encoding" value="UTF-8"/>
    <property 
    name="java.library.path" value="/usr/java/packages/lib/amd64:/usr/lib/x86_64-linux-gnu/jni:/lib/x86_64-linux-gnu:/usr/lib/x86_64-linux-gnu:/usr/lib/jni:/lib:/usr/lib">
</property>
    <property 
    name="java.specification.name" value="Java Platform API Specification">
</property>
    <property name="java.class.version" value="52.0"/>
    <property 
    name="sun.management.compiler" value="HotSpot 64-Bit Tiered Compilers">
</property>
    <property name="os.version" value="5.4.0-65-generic"/>
    <property name="user.home" value="/home/dblab"/>
    <property name="user.timezone" value=""/>
    <property name="java.awt.printerjob" value="sun.print.PSPrinterJob"/>
    <property name="file.encoding" value="UTF-8"/>
    <property name="java.specification.version" value="1.8"/>
    <property name="user.name" value="dblab"/>
    <property 
    name="java.class.path" value="/home/dblab/ysh/pipe_processing/target/test-classes:/home/dblab/ysh/pipe_processing/target/classes:/home/dblab/.m2/repository/org/scala-lang/scala-library/2.12.6/scala-library-2.12.6.jar:/home/dblab/.m2/repository/org/apache/spark/spark-core_2.12/3.0.1/spark-core_2.12-3.0.1.jar:/home/dblab/.m2/repository/com/thoughtworks/paranamer/paranamer/2.8/paranamer-2.8.jar:/home/dblab/.m2/repository/org/apache/avro/avro/1.8.2/avro-1.8.2.jar:/home/dblab/.m2/repository/org/codehaus/jackson/jackson-core-asl/1.9.13/jackson-core-asl-1.9.13.jar:/home/dblab/.m2/repository/org/codehaus/jackson/jackson-mapper-asl/1.9.13/jackson-mapper-asl-1.9.13.jar:/home/dblab/.m2/repository/org/tukaani/xz/1.5/xz-1.5.jar:/home/dblab/.m2/repository/org/apache/avro/avro-mapred/1.8.2/avro-mapred-1.8.2-hadoop2.jar:/home/dblab/.m2/repository/org/apache/avro/avro-ipc/1.8.2/avro-ipc-1.8.2.jar:/home/dblab/.m2/repository/com/twitter/chill_2.12/0.9.5/chill_2.12-0.9.5.jar:/home/dblab/.m2/repository/com/esotericsoftware/kryo-shaded/4.0.2/kryo-shaded-4.0.2.jar:/home/dblab/.m2/repository/com/esotericsoftware/minlog/1.3.0/minlog-1.3.0.jar:/home/dblab/.m2/repository/org/objenesis/objenesis/2.5.1/objenesis-2.5.1.jar:/home/dblab/.m2/repository/com/twitter/chill-java/0.9.5/chill-java-0.9.5.jar:/home/dblab/.m2/repository/org/apache/xbean/xbean-asm7-shaded/4.15/xbean-asm7-shaded-4.15.jar:/home/dblab/.m2/repository/org/apache/hadoop/hadoop-client/2.7.4/hadoop-client-2.7.4.jar:/home/dblab/.m2/repository/org/apache/hadoop/hadoop-hdfs/2.7.4/hadoop-hdfs-2.7.4.jar:/home/dblab/.m2/repository/org/mortbay/jetty/jetty-util/6.1.26/jetty-util-6.1.26.jar:/home/dblab/.m2/repository/commons-lang/commons-lang/2.6/commons-lang-2.6.jar:/home/dblab/.m2/repository/xmlenc/xmlenc/0.52/xmlenc-0.52.jar:/home/dblab/.m2/repository/xerces/xercesImpl/2.9.1/xercesImpl-2.9.1.jar:/home/dblab/.m2/repository/xml-apis/xml-apis/1.3.04/xml-apis-1.3.04.jar:/home/dblab/.m2/repository/org/apache/htrace/htrace-core/3.1.0-incubating/htrace-core-3.1.0-incubating.jar:/home/dblab/.m2/repository/org/apache/hadoop/hadoop-mapreduce-client-app/2.7.4/hadoop-mapreduce-client-app-2.7.4.jar:/home/dblab/.m2/repository/org/apache/hadoop/hadoop-mapreduce-client-common/2.7.4/hadoop-mapreduce-client-common-2.7.4.jar:/home/dblab/.m2/repository/org/apache/hadoop/hadoop-yarn-client/2.7.4/hadoop-yarn-client-2.7.4.jar:/home/dblab/.m2/repository/org/apache/hadoop/hadoop-yarn-server-common/2.7.4/hadoop-yarn-server-common-2.7.4.jar:/home/dblab/.m2/repository/org/apache/hadoop/hadoop-mapreduce-client-shuffle/2.7.4/hadoop-mapreduce-client-shuffle-2.7.4.jar:/home/dblab/.m2/repository/org/apache/hadoop/hadoop-yarn-api/2.7.4/hadoop-yarn-api-2.7.4.jar:/home/dblab/.m2/repository/org/apache/hadoop/hadoop-mapreduce-client-core/2.7.4/hadoop-mapreduce-client-core-2.7.4.jar:/home/dblab/.m2/repository/org/apache/hadoop/hadoop-yarn-common/2.7.4/hadoop-yarn-common-2.7.4.jar:/home/dblab/.m2/repository/org/apache/hadoop/hadoop-mapreduce-client-jobclient/2.7.4/hadoop-mapreduce-client-jobclient-2.7.4.jar:/home/dblab/.m2/repository/org/apache/spark/spark-launcher_2.12/3.0.1/spark-launcher_2.12-3.0.1.jar:/home/dblab/.m2/repository/org/apache/spark/spark-kvstore_2.12/3.0.1/spark-kvstore_2.12-3.0.1.jar:/home/dblab/.m2/repository/org/fusesource/leveldbjni/leveldbjni-all/1.8/leveldbjni-all-1.8.jar:/home/dblab/.m2/repository/com/fasterxml/jackson/core/jackson-core/2.10.0/jackson-core-2.10.0.jar:/home/dblab/.m2/repository/com/fasterxml/jackson/core/jackson-annotations/2.10.0/jackson-annotations-2.10.0.jar:/home/dblab/.m2/repository/org/apache/spark/spark-network-common_2.12/3.0.1/spark-network-common_2.12-3.0.1.jar:/home/dblab/.m2/repository/org/apache/spark/spark-network-shuffle_2.12/3.0.1/spark-network-shuffle_2.12-3.0.1.jar:/home/dblab/.m2/repository/org/apache/spark/spark-unsafe_2.12/3.0.1/spark-unsafe_2.12-3.0.1.jar:/home/dblab/.m2/repository/javax/activation/activation/1.1.1/activation-1.1.1.jar:/home/dblab/.m2/repository/org/apache/curator/curator-recipes/2.7.1/curator-recipes-2.7.1.jar:/home/dblab/.m2/repository/org/apache/curator/curator-framework/2.7.1/curator-framework-2.7.1.jar:/home/dblab/.m2/repository/org/apache/zookeeper/zookeeper/3.4.14/zookeeper-3.4.14.jar:/home/dblab/.m2/repository/org/apache/yetus/audience-annotations/0.5.0/audience-annotations-0.5.0.jar:/home/dblab/.m2/repository/javax/servlet/javax.servlet-api/3.1.0/javax.servlet-api-3.1.0.jar:/home/dblab/.m2/repository/org/apache/commons/commons-lang3/3.9/commons-lang3-3.9.jar:/home/dblab/.m2/repository/org/apache/commons/commons-math3/3.4.1/commons-math3-3.4.1.jar:/home/dblab/.m2/repository/org/apache/commons/commons-text/1.6/commons-text-1.6.jar:/home/dblab/.m2/repository/com/google/code/findbugs/jsr305/3.0.0/jsr305-3.0.0.jar:/home/dblab/.m2/repository/org/slf4j/slf4j-api/1.7.30/slf4j-api-1.7.30.jar:/home/dblab/.m2/repository/org/slf4j/jul-to-slf4j/1.7.30/jul-to-slf4j-1.7.30.jar:/home/dblab/.m2/repository/org/slf4j/jcl-over-slf4j/1.7.30/jcl-over-slf4j-1.7.30.jar:/home/dblab/.m2/repository/log4j/log4j/1.2.17/log4j-1.2.17.jar:/home/dblab/.m2/repository/org/slf4j/slf4j-log4j12/1.7.30/slf4j-log4j12-1.7.30.jar:/home/dblab/.m2/repository/com/ning/compress-lzf/1.0.3/compress-lzf-1.0.3.jar:/home/dblab/.m2/repository/org/xerial/snappy/snappy-java/1.1.7.5/snappy-java-1.1.7.5.jar:/home/dblab/.m2/repository/org/lz4/lz4-java/1.7.1/lz4-java-1.7.1.jar:/home/dblab/.m2/repository/com/github/luben/zstd-jni/1.4.4-3/zstd-jni-1.4.4-3.jar:/home/dblab/.m2/repository/org/roaringbitmap/RoaringBitmap/0.7.45/RoaringBitmap-0.7.45.jar:/home/dblab/.m2/repository/org/roaringbitmap/shims/0.7.45/shims-0.7.45.jar:/home/dblab/.m2/repository/commons-net/commons-net/3.1/commons-net-3.1.jar:/home/dblab/.m2/repository/org/scala-lang/modules/scala-xml_2.12/1.2.0/scala-xml_2.12-1.2.0.jar:/home/dblab/.m2/repository/org/scala-lang/scala-reflect/2.12.10/scala-reflect-2.12.10.jar:/home/dblab/.m2/repository/org/json4s/json4s-jackson_2.12/3.6.6/json4s-jackson_2.12-3.6.6.jar:/home/dblab/.m2/repository/org/json4s/json4s-core_2.12/3.6.6/json4s-core_2.12-3.6.6.jar:/home/dblab/.m2/repository/org/json4s/json4s-ast_2.12/3.6.6/json4s-ast_2.12-3.6.6.jar:/home/dblab/.m2/repository/org/json4s/json4s-scalap_2.12/3.6.6/json4s-scalap_2.12-3.6.6.jar:/home/dblab/.m2/repository/org/glassfish/jersey/core/jersey-client/2.30/jersey-client-2.30.jar:/home/dblab/.m2/repository/jakarta/ws/rs/jakarta.ws.rs-api/2.1.6/jakarta.ws.rs-api-2.1.6.jar:/home/dblab/.m2/repository/org/glassfish/hk2/external/jakarta.inject/2.6.1/jakarta.inject-2.6.1.jar:/home/dblab/.m2/repository/org/glassfish/jersey/core/jersey-common/2.30/jersey-common-2.30.jar:/home/dblab/.m2/repository/jakarta/annotation/jakarta.annotation-api/1.3.5/jakarta.annotation-api-1.3.5.jar:/home/dblab/.m2/repository/org/glassfish/hk2/osgi-resource-locator/1.0.3/osgi-resource-locator-1.0.3.jar:/home/dblab/.m2/repository/org/glassfish/jersey/core/jersey-server/2.30/jersey-server-2.30.jar:/home/dblab/.m2/repository/org/glassfish/jersey/media/jersey-media-jaxb/2.30/jersey-media-jaxb-2.30.jar:/home/dblab/.m2/repository/jakarta/validation/jakarta.validation-api/2.0.2/jakarta.validation-api-2.0.2.jar:/home/dblab/.m2/repository/org/glassfish/jersey/containers/jersey-container-servlet/2.30/jersey-container-servlet-2.30.jar:/home/dblab/.m2/repository/org/glassfish/jersey/containers/jersey-container-servlet-core/2.30/jersey-container-servlet-core-2.30.jar:/home/dblab/.m2/repository/org/glassfish/jersey/inject/jersey-hk2/2.30/jersey-hk2-2.30.jar:/home/dblab/.m2/repository/org/glassfish/hk2/hk2-locator/2.6.1/hk2-locator-2.6.1.jar:/home/dblab/.m2/repository/org/glassfish/hk2/external/aopalliance-repackaged/2.6.1/aopalliance-repackaged-2.6.1.jar:/home/dblab/.m2/repository/org/glassfish/hk2/hk2-api/2.6.1/hk2-api-2.6.1.jar:/home/dblab/.m2/repository/org/glassfish/hk2/hk2-utils/2.6.1/hk2-utils-2.6.1.jar:/home/dblab/.m2/repository/org/javassist/javassist/3.25.0-GA/javassist-3.25.0-GA.jar:/home/dblab/.m2/repository/io/netty/netty-all/4.1.47.Final/netty-all-4.1.47.Final.jar:/home/dblab/.m2/repository/com/clearspring/analytics/stream/2.9.6/stream-2.9.6.jar:/home/dblab/.m2/repository/io/dropwizard/metrics/metrics-core/4.1.1/metrics-core-4.1.1.jar:/home/dblab/.m2/repository/io/dropwizard/metrics/metrics-jvm/4.1.1/metrics-jvm-4.1.1.jar:/home/dblab/.m2/repository/io/dropwizard/metrics/metrics-json/4.1.1/metrics-json-4.1.1.jar:/home/dblab/.m2/repository/io/dropwizard/metrics/metrics-graphite/4.1.1/metrics-graphite-4.1.1.jar:/home/dblab/.m2/repository/io/dropwizard/metrics/metrics-jmx/4.1.1/metrics-jmx-4.1.1.jar:/home/dblab/.m2/repository/com/fasterxml/jackson/core/jackson-databind/2.10.0/jackson-databind-2.10.0.jar:/home/dblab/.m2/repository/com/fasterxml/jackson/module/jackson-module-scala_2.12/2.10.0/jackson-module-scala_2.12-2.10.0.jar:/home/dblab/.m2/repository/com/fasterxml/jackson/module/jackson-module-paranamer/2.10.0/jackson-module-paranamer-2.10.0.jar:/home/dblab/.m2/repository/org/apache/ivy/ivy/2.4.0/ivy-2.4.0.jar:/home/dblab/.m2/repository/oro/oro/2.0.8/oro-2.0.8.jar:/home/dblab/.m2/repository/net/razorvine/pyrolite/4.30/pyrolite-4.30.jar:/home/dblab/.m2/repository/net/sf/py4j/py4j/0.10.9/py4j-0.10.9.jar:/home/dblab/.m2/repository/org/apache/spark/spark-tags_2.12/3.0.1/spark-tags_2.12-3.0.1.jar:/home/dblab/.m2/repository/org/apache/commons/commons-crypto/1.0.0/commons-crypto-1.0.0.jar:/home/dblab/.m2/repository/org/spark-project/spark/unused/1.0.0/unused-1.0.0.jar:/home/dblab/.m2/repository/org/apache/hadoop/hadoop-common/3.3.0/hadoop-common-3.3.0.jar:/home/dblab/.m2/repository/org/apache/hadoop/thirdparty/hadoop-shaded-protobuf_3_7/1.0.0/hadoop-shaded-protobuf_3_7-1.0.0.jar:/home/dblab/.m2/repository/org/apache/hadoop/hadoop-annotations/3.3.0/hadoop-annotations-3.3.0.jar:/usr/lib/jvm/java-8-openjdk-amd64/jre/../lib/tools.jar:/home/dblab/.m2/repository/com/google/guava/guava/27.0-jre/guava-27.0-jre.jar:/home/dblab/.m2/repository/com/google/guava/failureaccess/1.0/failureaccess-1.0.jar:/home/dblab/.m2/repository/com/google/guava/listenablefuture/9999.0-empty-to-avoid-conflict-with-guava/listenablefuture-9999.0-empty-to-avoid-conflict-with-guava.jar:/home/dblab/.m2/repository/org/checkerframework/checker-qual/2.5.2/checker-qual-2.5.2.jar:/home/dblab/.m2/repository/com/google/j2objc/j2objc-annotations/1.1/j2objc-annotations-1.1.jar:/home/dblab/.m2/repository/org/codehaus/mojo/animal-sniffer-annotations/1.17/animal-sniffer-annotations-1.17.jar:/home/dblab/.m2/repository/commons-cli/commons-cli/1.2/commons-cli-1.2.jar:/home/dblab/.m2/repository/org/apache/httpcomponents/httpclient/4.5.6/httpclient-4.5.6.jar:/home/dblab/.m2/repository/org/apache/httpcomponents/httpcore/4.4.10/httpcore-4.4.10.jar:/home/dblab/.m2/repository/commons-codec/commons-codec/1.11/commons-codec-1.11.jar:/home/dblab/.m2/repository/commons-io/commons-io/2.5/commons-io-2.5.jar:/home/dblab/.m2/repository/commons-collections/commons-collections/3.2.2/commons-collections-3.2.2.jar:/home/dblab/.m2/repository/javax/activation/javax.activation-api/1.2.0/javax.activation-api-1.2.0.jar:/home/dblab/.m2/repository/org/eclipse/jetty/jetty-server/9.4.20.v20190813/jetty-server-9.4.20.v20190813.jar:/home/dblab/.m2/repository/org/eclipse/jetty/jetty-http/9.4.20.v20190813/jetty-http-9.4.20.v20190813.jar:/home/dblab/.m2/repository/org/eclipse/jetty/jetty-io/9.4.20.v20190813/jetty-io-9.4.20.v20190813.jar:/home/dblab/.m2/repository/org/eclipse/jetty/jetty-util/9.4.20.v20190813/jetty-util-9.4.20.v20190813.jar:/home/dblab/.m2/repository/org/eclipse/jetty/jetty-servlet/9.4.20.v20190813/jetty-servlet-9.4.20.v20190813.jar:/home/dblab/.m2/repository/org/eclipse/jetty/jetty-security/9.4.20.v20190813/jetty-security-9.4.20.v20190813.jar:/home/dblab/.m2/repository/org/eclipse/jetty/jetty-webapp/9.4.20.v20190813/jetty-webapp-9.4.20.v20190813.jar:/home/dblab/.m2/repository/org/eclipse/jetty/jetty-xml/9.4.20.v20190813/jetty-xml-9.4.20.v20190813.jar:/home/dblab/.m2/repository/javax/servlet/jsp/jsp-api/2.1/jsp-api-2.1.jar:/home/dblab/.m2/repository/com/sun/jersey/jersey-core/1.19/jersey-core-1.19.jar:/home/dblab/.m2/repository/javax/ws/rs/jsr311-api/1.1.1/jsr311-api-1.1.1.jar:/home/dblab/.m2/repository/com/sun/jersey/jersey-servlet/1.19/jersey-servlet-1.19.jar:/home/dblab/.m2/repository/com/sun/jersey/jersey-json/1.19/jersey-json-1.19.jar:/home/dblab/.m2/repository/org/codehaus/jettison/jettison/1.1/jettison-1.1.jar:/home/dblab/.m2/repository/com/sun/xml/bind/jaxb-impl/2.2.3-1/jaxb-impl-2.2.3-1.jar:/home/dblab/.m2/repository/javax/xml/bind/jaxb-api/2.2.2/jaxb-api-2.2.2.jar:/home/dblab/.m2/repository/javax/xml/stream/stax-api/1.0-2/stax-api-1.0-2.jar:/home/dblab/.m2/repository/org/codehaus/jackson/jackson-jaxrs/1.9.2/jackson-jaxrs-1.9.2.jar:/home/dblab/.m2/repository/org/codehaus/jackson/jackson-xc/1.9.2/jackson-xc-1.9.2.jar:/home/dblab/.m2/repository/com/sun/jersey/jersey-server/1.19/jersey-server-1.19.jar:/home/dblab/.m2/repository/commons-logging/commons-logging/1.1.3/commons-logging-1.1.3.jar:/home/dblab/.m2/repository/commons-beanutils/commons-beanutils/1.9.4/commons-beanutils-1.9.4.jar:/home/dblab/.m2/repository/org/apache/commons/commons-configuration2/2.1.1/commons-configuration2-2.1.1.jar:/home/dblab/.m2/repository/com/google/re2j/re2j/1.1/re2j-1.1.jar:/home/dblab/.m2/repository/com/google/protobuf/protobuf-java/2.5.0/protobuf-java-2.5.0.jar:/home/dblab/.m2/repository/com/google/code/gson/gson/2.2.4/gson-2.2.4.jar:/home/dblab/.m2/repository/org/apache/hadoop/hadoop-auth/3.3.0/hadoop-auth-3.3.0.jar:/home/dblab/.m2/repository/com/nimbusds/nimbus-jose-jwt/7.9/nimbus-jose-jwt-7.9.jar:/home/dblab/.m2/repository/com/github/stephenc/jcip/jcip-annotations/1.0-1/jcip-annotations-1.0-1.jar:/home/dblab/.m2/repository/net/minidev/json-smart/2.3/json-smart-2.3.jar:/home/dblab/.m2/repository/net/minidev/accessors-smart/1.2/accessors-smart-1.2.jar:/home/dblab/.m2/repository/org/ow2/asm/asm/5.0.4/asm-5.0.4.jar:/home/dblab/.m2/repository/org/apache/kerby/kerb-simplekdc/1.0.1/kerb-simplekdc-1.0.1.jar:/home/dblab/.m2/repository/org/apache/kerby/kerb-client/1.0.1/kerb-client-1.0.1.jar:/home/dblab/.m2/repository/org/apache/kerby/kerby-config/1.0.1/kerby-config-1.0.1.jar:/home/dblab/.m2/repository/org/apache/kerby/kerb-common/1.0.1/kerb-common-1.0.1.jar:/home/dblab/.m2/repository/org/apache/kerby/kerb-crypto/1.0.1/kerb-crypto-1.0.1.jar:/home/dblab/.m2/repository/org/apache/kerby/kerb-util/1.0.1/kerb-util-1.0.1.jar:/home/dblab/.m2/repository/org/apache/kerby/token-provider/1.0.1/token-provider-1.0.1.jar:/home/dblab/.m2/repository/org/apache/kerby/kerb-admin/1.0.1/kerb-admin-1.0.1.jar:/home/dblab/.m2/repository/org/apache/kerby/kerb-server/1.0.1/kerb-server-1.0.1.jar:/home/dblab/.m2/repository/org/apache/kerby/kerb-identity/1.0.1/kerb-identity-1.0.1.jar:/home/dblab/.m2/repository/org/apache/kerby/kerby-xdr/1.0.1/kerby-xdr-1.0.1.jar:/home/dblab/.m2/repository/com/jcraft/jsch/0.1.55/jsch-0.1.55.jar:/home/dblab/.m2/repository/org/apache/curator/curator-client/4.2.0/curator-client-4.2.0.jar:/home/dblab/.m2/repository/org/apache/htrace/htrace-core4/4.1.0-incubating/htrace-core4-4.1.0-incubating.jar:/home/dblab/.m2/repository/org/apache/commons/commons-compress/1.19/commons-compress-1.19.jar:/home/dblab/.m2/repository/org/apache/kerby/kerb-core/1.0.1/kerb-core-1.0.1.jar:/home/dblab/.m2/repository/org/apache/kerby/kerby-pkix/1.0.1/kerby-pkix-1.0.1.jar:/home/dblab/.m2/repository/org/apache/kerby/kerby-asn1/1.0.1/kerby-asn1-1.0.1.jar:/home/dblab/.m2/repository/org/apache/kerby/kerby-util/1.0.1/kerby-util-1.0.1.jar:/home/dblab/.m2/repository/org/codehaus/woodstox/stax2-api/3.1.4/stax2-api-3.1.4.jar:/home/dblab/.m2/repository/com/fasterxml/woodstox/woodstox-core/5.0.3/woodstox-core-5.0.3.jar:/home/dblab/.m2/repository/dnsjava/dnsjava/2.1.7/dnsjava-2.1.7.jar:/home/dblab/.m2/repository/org/json/json/20210307/json-20210307.jar:/home/dblab/.m2/repository/org/apache/spark/spark-sql_2.10/1.4.1/spark-sql_2.10-1.4.1.jar:/home/dblab/.m2/repository/org/apache/spark/spark-core_2.10/1.4.1/spark-core_2.10-1.4.1.jar:/home/dblab/.m2/repository/com/twitter/chill_2.10/0.5.0/chill_2.10-0.5.0.jar:/home/dblab/.m2/repository/com/esotericsoftware/kryo/kryo/2.21/kryo-2.21.jar:/home/dblab/.m2/repository/com/esotericsoftware/reflectasm/reflectasm/1.07/reflectasm-1.07-shaded.jar:/home/dblab/.m2/repository/com/esotericsoftware/minlog/minlog/1.2/minlog-1.2.jar:/home/dblab/.m2/repository/org/apache/spark/spark-launcher_2.10/1.4.1/spark-launcher_2.10-1.4.1.jar:/home/dblab/.m2/repository/org/apache/spark/spark-network-common_2.10/1.4.1/spark-network-common_2.10-1.4.1.jar:/home/dblab/.m2/repository/org/apache/spark/spark-network-shuffle_2.10/1.4.1/spark-network-shuffle_2.10-1.4.1.jar:/home/dblab/.m2/repository/org/apache/spark/spark-unsafe_2.10/1.4.1/spark-unsafe_2.10-1.4.1.jar:/home/dblab/.m2/repository/net/java/dev/jets3t/jets3t/0.7.1/jets3t-0.7.1.jar:/home/dblab/.m2/repository/commons-httpclient/commons-httpclient/3.1/commons-httpclient-3.1.jar:/home/dblab/.m2/repository/org/eclipse/jetty/orbit/javax.servlet/3.0.0.v201112011016/javax.servlet-3.0.0.v201112011016.jar:/home/dblab/.m2/repository/net/jpountz/lz4/lz4/1.2.0/lz4-1.2.0.jar:/home/dblab/.m2/repository/org/spark-project/akka/akka-remote_2.10/2.3.4-spark/akka-remote_2.10-2.3.4-spark.jar:/home/dblab/.m2/repository/org/spark-project/akka/akka-actor_2.10/2.3.4-spark/akka-actor_2.10-2.3.4-spark.jar:/home/dblab/.m2/repository/com/typesafe/config/1.2.1/config-1.2.1.jar:/home/dblab/.m2/repository/io/netty/netty/3.8.0.Final/netty-3.8.0.Final.jar:/home/dblab/.m2/repository/org/spark-project/protobuf/protobuf-java/2.5.0-spark/protobuf-java-2.5.0-spark.jar:/home/dblab/.m2/repository/org/uncommons/maths/uncommons-maths/1.2.2a/uncommons-maths-1.2.2a.jar:/home/dblab/.m2/repository/org/spark-project/akka/akka-slf4j_2.10/2.3.4-spark/akka-slf4j_2.10-2.3.4-spark.jar:/home/dblab/.m2/repository/org/json4s/json4s-jackson_2.10/3.2.10/json4s-jackson_2.10-3.2.10.jar:/home/dblab/.m2/repository/org/json4s/json4s-core_2.10/3.2.10/json4s-core_2.10-3.2.10.jar:/home/dblab/.m2/repository/org/json4s/json4s-ast_2.10/3.2.10/json4s-ast_2.10-3.2.10.jar:/home/dblab/.m2/repository/org/scala-lang/scalap/2.10.0/scalap-2.10.0.jar:/home/dblab/.m2/repository/org/apache/mesos/mesos/0.21.1/mesos-0.21.1-shaded-protobuf.jar:/home/dblab/.m2/repository/com/fasterxml/jackson/module/jackson-module-scala_2.10/2.4.4/jackson-module-scala_2.10-2.4.4.jar:/home/dblab/.m2/repository/org/tachyonproject/tachyon-client/0.6.4/tachyon-client-0.6.4.jar:/home/dblab/.m2/repository/org/tachyonproject/tachyon/0.6.4/tachyon-0.6.4.jar:/home/dblab/.m2/repository/org/apache/spark/spark-catalyst_2.10/1.4.1/spark-catalyst_2.10-1.4.1.jar:/home/dblab/.m2/repository/org/scala-lang/scala-compiler/2.10.4/scala-compiler-2.10.4.jar:/home/dblab/.m2/repository/org/scalamacros/quasiquotes_2.10/2.0.1/quasiquotes_2.10-2.0.1.jar:/home/dblab/.m2/repository/com/twitter/parquet-column/1.6.0rc3/parquet-column-1.6.0rc3.jar:/home/dblab/.m2/repository/com/twitter/parquet-common/1.6.0rc3/parquet-common-1.6.0rc3.jar:/home/dblab/.m2/repository/com/twitter/parquet-encoding/1.6.0rc3/parquet-encoding-1.6.0rc3.jar:/home/dblab/.m2/repository/com/twitter/parquet-generator/1.6.0rc3/parquet-generator-1.6.0rc3.jar:/home/dblab/.m2/repository/com/twitter/parquet-hadoop/1.6.0rc3/parquet-hadoop-1.6.0rc3.jar:/home/dblab/.m2/repository/com/twitter/parquet-format/2.2.0-rc1/parquet-format-2.2.0-rc1.jar:/home/dblab/.m2/repository/com/twitter/parquet-jackson/1.6.0rc3/parquet-jackson-1.6.0rc3.jar:/home/dblab/.m2/repository/org/jodd/jodd-core/3.6.3/jodd-core-3.6.3.jar:/home/dblab/.m2/repository/junit/junit/4.12/junit-4.12.jar:/home/dblab/.m2/repository/org/hamcrest/hamcrest-core/1.3/hamcrest-core-1.3.jar:/home/dblab/.m2/repository/org/scalatest/scalatest_2.12/3.0.5/scalatest_2.12-3.0.5.jar:/home/dblab/.m2/repository/org/scalactic/scalactic_2.12/3.0.5/scalactic_2.12-3.0.5.jar:/home/dblab/.m2/repository/org/specs2/specs2-core_2.12/4.2.0/specs2-core_2.12-4.2.0.jar:/home/dblab/.m2/repository/org/specs2/specs2-matcher_2.12/4.2.0/specs2-matcher_2.12-4.2.0.jar:/home/dblab/.m2/repository/org/specs2/specs2-common_2.12/4.2.0/specs2-common_2.12-4.2.0.jar:/home/dblab/.m2/repository/org/specs2/specs2-fp_2.12/4.2.0/specs2-fp_2.12-4.2.0.jar:/home/dblab/.m2/repository/org/scala-lang/modules/scala-parser-combinators_2.12/1.1.0/scala-parser-combinators_2.12-1.1.0.jar:/home/dblab/.m2/repository/org/scala-sbt/test-interface/1.0/test-interface-1.0.jar:/home/dblab/.m2/repository/org/specs2/specs2-junit_2.12/4.2.0/specs2-junit_2.12-4.2.0.jar">
</property>
    <property name="java.vm.specification.version" value="1.8"/>
    <property name="sun.arch.data.model" value="64"/>
    <property name="java.home" value="/usr/lib/jvm/java-8-openjdk-amd64/jre"/>
    <property 
    name="sun.java.command" value="org.scalatest.tools.Runner -R /home/dblab/ysh/pipe_processing/target/classes /home/dblab/ysh/pipe_processing/target/test-classes -j samples.AppTest -o -f /home/dblab/ysh/pipe_processing/target/surefire-reports/TestSuiteReport.txt -u /home/dblab/ysh/pipe_processing/target/surefire-reports/.">
</property>
    <property name="java.specification.vendor" value="Oracle Corporation"/>
    <property name="user.language" value="en"/>
    <property name="awt.toolkit" value="sun.awt.X11.XToolkit"/>
    <property name="java.vm.info" value="mixed mode"/>
    <property name="java.version" value="1.8.0_292"/>
    <property 
    name="java.ext.dirs" value="/usr/lib/jvm/java-8-openjdk-amd64/jre/lib/ext:/usr/java/packages/lib/ext">
</property>
    <property 
    name="sun.boot.class.path" value="/usr/lib/jvm/java-8-openjdk-amd64/jre/lib/resources.jar:/usr/lib/jvm/java-8-openjdk-amd64/jre/lib/rt.jar:/usr/lib/jvm/java-8-openjdk-amd64/jre/lib/sunrsasign.jar:/usr/lib/jvm/java-8-openjdk-amd64/jre/lib/jsse.jar:/usr/lib/jvm/java-8-openjdk-amd64/jre/lib/jce.jar:/usr/lib/jvm/java-8-openjdk-amd64/jre/lib/charsets.jar:/usr/lib/jvm/java-8-openjdk-amd64/jre/lib/jfr.jar:/usr/lib/jvm/java-8-openjdk-amd64/jre/classes">
</property>
    <property name="java.vendor" value="Private Build"/>
    <property name="file.separator" value="/"/>
    <property 
    name="java.vendor.url.bug" value="http://bugreport.sun.com/bugreport/">
</property>
    <property name="sun.cpu.endian" value="little"/>
    <property name="sun.io.unicode.encoding" value="UnicodeLittle"/>
    <property name="sun.cpu.isalist" value=""/>
  </properties>
  <system-out><![CDATA[]]></system-out>
  <system-err><![CDATA[]]></system-err>
</testsuite>
